<?xml version="1.0" encoding="UTF-8"?>
<!-- Generated by org.testng.reporters.JUnitReportReporter -->
<testsuite skipped="0" hostname="DESKTOP-F976HRB" name="com.vcentry.lab.testCases.CheckoutTest" tests="3" failures="0" timestamp="14 Mar 2023 23:35:07 GMT" time="35.789" errors="0">
  <testcase name="validateCheckoutPage" time="10.704" classname="com.vcentry.lab.testCases.CheckoutTest"/>
  <testcase name="validateCheckoutPage" time="10.492" classname="com.vcentry.lab.testCases.CheckoutTest"/>
  <testcase name="validateCheckoutPage" time="14.593" classname="com.vcentry.lab.testCases.CheckoutTest"/>
</testsuite> <!-- com.vcentry.lab.testCases.CheckoutTest -->
