<?xml version="1.0" encoding="UTF-8"?>
<!-- Generated by org.testng.reporters.JUnitReportReporter -->
<testsuite skipped="0" hostname="DESKTOP-F976HRB" name="com.vcentry.lab.testCases.CheckOutPageValidator" tests="10" failures="0" timestamp="20 Mar 2023 01:24:29 GMT" time="191.851" errors="0">
  <testcase name="validateCheckoutPage" time="14.724" classname="com.vcentry.lab.testCases.CheckOutPageValidator"/>
  <testcase name="validateCheckoutPage" time="22.196" classname="com.vcentry.lab.testCases.CheckOutPageValidator"/>
  <testcase name="validateCheckoutPage" time="19.066" classname="com.vcentry.lab.testCases.CheckOutPageValidator"/>
  <testcase name="validateCheckoutPage" time="19.754" classname="com.vcentry.lab.testCases.CheckOutPageValidator"/>
  <testcase name="validateCheckoutPage" time="21.603" classname="com.vcentry.lab.testCases.CheckOutPageValidator"/>
  <testcase name="validateCheckoutPage" time="17.308" classname="com.vcentry.lab.testCases.CheckOutPageValidator"/>
  <testcase name="validateCheckoutPage" time="17.331" classname="com.vcentry.lab.testCases.CheckOutPageValidator"/>
  <testcase name="validateCheckoutPage" time="19.121" classname="com.vcentry.lab.testCases.CheckOutPageValidator"/>
  <testcase name="validateCheckoutPage" time="26.551" classname="com.vcentry.lab.testCases.CheckOutPageValidator"/>
  <testcase name="validateCheckoutPage" time="14.197" classname="com.vcentry.lab.testCases.CheckOutPageValidator"/>
</testsuite> <!-- com.vcentry.lab.testCases.CheckOutPageValidator -->
